{"/Users/Xueyong/Desktop/bible-butler-github/__test__/sum.ts": {"path":"/Users/Xueyong/Desktop/bible-butler-github/__test__/sum.ts","statementMap":{"0":{"start":{"line":1,"column":0},"end":{"line":3,"column":1}},"1":{"start":{"line":2,"column":4},"end":{"line":2,"column":17}}},"fnMap":{"0":{"name":"sum","decl":{"start":{"line":1,"column":17},"end":{"line":1,"column":29}},"loc":{"start":{"line":1,"column":34},"end":{"line":3,"column":1}}}},"branchMap":{},"s":{"0":2,"1":10},"f":{"0":10},"b":{}}
}
